<?xml version="1.0" encoding="UTF-8"?>
<testng-results skipped="0" failed="1" total="3" passed="2">
  <reporter-output>
  </reporter-output>
  <suite name="Default suite" duration-ms="31" started-at="2016-03-03T16:16:48Z" finished-at="2016-03-03T16:16:48Z">
    <groups>
    </groups>
    <test name="Default test" duration-ms="31" started-at="2016-03-03T16:16:48Z" finished-at="2016-03-03T16:16:48Z">
      <class name="by.epam.jamp.vvd.testapp.web.builder.ProceedRequestBuilderImplTest">
        <test-method status="PASS" signature="testInit()[pri:0, instance:by.epam.jamp.vvd.testapp.web.builder.ProceedRequestBuilderImplTest@48140564]" name="testInit" is-config="true" duration-ms="8" started-at="2016-03-03T19:16:48Z" finished-at="2016-03-03T19:16:48Z">
          <reporter-output>
          </reporter-output>
        </test-method> <!-- testInit -->
        <test-method status="FAIL" signature="buildShouldReturnNullIfMessageIsBalnk()[pri:0, instance:by.epam.jamp.vvd.testapp.web.builder.ProceedRequestBuilderImplTest@48140564]" name="buildShouldReturnNullIfMessageIsBalnk" duration-ms="9" started-at="2016-03-03T19:16:48Z" finished-at="2016-03-03T19:16:48Z">
          <exception class="java.lang.AssertionError">
            <message>
              <![CDATA[
Expected: is null
     but: was <by.epam.jamp.vvd.testapp.model.ProceedRequest@5dfcfece>]]>
            </message>
            <full-stacktrace>
              <![CDATA[java.lang.AssertionError: 
Expected: is null
     but: was <by.epam.jamp.vvd.testapp.model.ProceedRequest@5dfcfece>
	at org.hamcrest.MatcherAssert.assertThat(MatcherAssert.java:20)
	at org.hamcrest.MatcherAssert.assertThat(MatcherAssert.java:8)
	at by.epam.jamp.vvd.testapp.web.builder.ProceedRequestBuilderImplTest.buildShouldReturnNullIfMessageIsBalnk(ProceedRequestBuilderImplTest.java:42)
	at sun.reflect.NativeMethodAccessorImpl.invoke0(Native Method)
	at sun.reflect.NativeMethodAccessorImpl.invoke(NativeMethodAccessorImpl.java:62)
	at sun.reflect.DelegatingMethodAccessorImpl.invoke(DelegatingMethodAccessorImpl.java:43)
	at java.lang.reflect.Method.invoke(Method.java:497)
	at org.testng.internal.MethodInvocationHelper.invokeMethod(MethodInvocationHelper.java:84)
	at org.testng.internal.Invoker.invokeMethod(Invoker.java:714)
	at org.testng.internal.Invoker.invokeTestMethod(Invoker.java:901)
	at org.testng.internal.Invoker.invokeTestMethods(Invoker.java:1231)
	at org.testng.internal.TestMethodWorker.invokeTestMethods(TestMethodWorker.java:127)
	at org.testng.internal.TestMethodWorker.run(TestMethodWorker.java:111)
	at org.testng.TestRunner.privateRun(TestRunner.java:767)
	at org.testng.TestRunner.run(TestRunner.java:617)
	at org.testng.SuiteRunner.runTest(SuiteRunner.java:334)
	at org.testng.SuiteRunner.runSequentially(SuiteRunner.java:329)
	at org.testng.SuiteRunner.privateRun(SuiteRunner.java:291)
	at org.testng.SuiteRunner.run(SuiteRunner.java:240)
	at org.testng.SuiteRunnerWorker.runSuite(SuiteRunnerWorker.java:52)
	at org.testng.SuiteRunnerWorker.run(SuiteRunnerWorker.java:86)
	at org.testng.TestNG.runSuitesSequentially(TestNG.java:1224)
	at org.testng.TestNG.runSuitesLocally(TestNG.java:1149)
	at org.testng.TestNG.run(TestNG.java:1057)
	at org.testng.remote.RemoteTestNG.run(RemoteTestNG.java:115)
	at org.testng.remote.RemoteTestNG.initAndRun(RemoteTestNG.java:207)
	at org.testng.remote.RemoteTestNG.main(RemoteTestNG.java:178)
]]>
            </full-stacktrace>
          </exception> <!-- java.lang.AssertionError -->
          <reporter-output>
          </reporter-output>
        </test-method> <!-- buildShouldReturnNullIfMessageIsBalnk -->
        <test-method status="PASS" signature="buildShouldReturnNullIfMessageIsEmpty()[pri:0, instance:by.epam.jamp.vvd.testapp.web.builder.ProceedRequestBuilderImplTest@48140564]" name="buildShouldReturnNullIfMessageIsEmpty" duration-ms="1" started-at="2016-03-03T19:16:48Z" finished-at="2016-03-03T19:16:48Z">
          <reporter-output>
          </reporter-output>
        </test-method> <!-- buildShouldReturnNullIfMessageIsEmpty -->
        <test-method status="PASS" signature="buildShouldReturnNullIfMessageIsNull()[pri:0, instance:by.epam.jamp.vvd.testapp.web.builder.ProceedRequestBuilderImplTest@48140564]" name="buildShouldReturnNullIfMessageIsNull" duration-ms="0" started-at="2016-03-03T19:16:48Z" finished-at="2016-03-03T19:16:48Z">
          <reporter-output>
          </reporter-output>
        </test-method> <!-- buildShouldReturnNullIfMessageIsNull -->
      </class> <!-- by.epam.jamp.vvd.testapp.web.builder.ProceedRequestBuilderImplTest -->
    </test> <!-- Default test -->
  </suite> <!-- Default suite -->
</testng-results>
