<?xml version="1.0" encoding="UTF-8"?>
<!-- Generated by org.testng.reporters.JUnitReportReporter -->
<testsuite hostname="EPBYMINW3345" name="by.epam.jamp.vvd.testapp.web.builder.ProceedRequestBuilderImplTest" tests="3" failures="0" timestamp="3 Mar 2016 16:16:49 GMT" time="0.010" errors="1">
  <testcase name="buildShouldReturnNullIfMessageIsEmpty" time="0.001" classname="by.epam.jamp.vvd.testapp.web.builder.ProceedRequestBuilderImplTest"/>
  <testcase name="buildShouldReturnNullIfMessageIsNull" time="0.000" classname="by.epam.jamp.vvd.testapp.web.builder.ProceedRequestBuilderImplTest"/>
  <testcase name="buildShouldReturnNullIfMessageIsBalnk" time="0.009" classname="by.epam.jamp.vvd.testapp.web.builder.ProceedRequestBuilderImplTest">
    <error type="java.lang.AssertionError" message="
Expected: is null
     but: was &lt;by.epam.jamp.vvd.testapp.model.ProceedRequest@5dfcfece&gt;">
      <![CDATA[java.lang.AssertionError: 
Expected: is null
     but: was <by.epam.jamp.vvd.testapp.model.ProceedRequest@5dfcfece>
	at org.hamcrest.MatcherAssert.assertThat(MatcherAssert.java:20)
	at org.hamcrest.MatcherAssert.assertThat(MatcherAssert.java:8)
	at by.epam.jamp.vvd.testapp.web.builder.ProceedRequestBuilderImplTest.buildShouldReturnNullIfMessageIsBalnk(ProceedRequestBuilderImplTest.java:42)
	at sun.reflect.NativeMethodAccessorImpl.invoke0(Native Method)
	at sun.reflect.NativeMethodAccessorImpl.invoke(NativeMethodAccessorImpl.java:62)
	at sun.reflect.DelegatingMethodAccessorImpl.invoke(DelegatingMethodAccessorImpl.java:43)
	at java.lang.reflect.Method.invoke(Method.java:497)
	at org.testng.internal.MethodInvocationHelper.invokeMethod(MethodInvocationHelper.java:84)
	at org.testng.internal.Invoker.invokeMethod(Invoker.java:714)
	at org.testng.internal.Invoker.invokeTestMethod(Invoker.java:901)
	at org.testng.internal.Invoker.invokeTestMethods(Invoker.java:1231)
	at org.testng.internal.TestMethodWorker.invokeTestMethods(TestMethodWorker.java:127)
	at org.testng.internal.TestMethodWorker.run(TestMethodWorker.java:111)
	at org.testng.TestRunner.privateRun(TestRunner.java:767)
	at org.testng.TestRunner.run(TestRunner.java:617)
	at org.testng.SuiteRunner.runTest(SuiteRunner.java:334)
	at org.testng.SuiteRunner.runSequentially(SuiteRunner.java:329)
	at org.testng.SuiteRunner.privateRun(SuiteRunner.java:291)
	at org.testng.SuiteRunner.run(SuiteRunner.java:240)
	at org.testng.SuiteRunnerWorker.runSuite(SuiteRunnerWorker.java:52)
	at org.testng.SuiteRunnerWorker.run(SuiteRunnerWorker.java:86)
	at org.testng.TestNG.runSuitesSequentially(TestNG.java:1224)
	at org.testng.TestNG.runSuitesLocally(TestNG.java:1149)
	at org.testng.TestNG.run(TestNG.java:1057)
	at org.testng.remote.RemoteTestNG.run(RemoteTestNG.java:115)
	at org.testng.remote.RemoteTestNG.initAndRun(RemoteTestNG.java:207)
	at org.testng.remote.RemoteTestNG.main(RemoteTestNG.java:178)
]]>
    </error>
  </testcase> <!-- buildShouldReturnNullIfMessageIsBalnk -->
</testsuite> <!-- by.epam.jamp.vvd.testapp.web.builder.ProceedRequestBuilderImplTest -->
